#
# There is insufficient memory for the Java Runtime Environment to continue.
# Native memory allocation (mmap) failed to map 2147483648 bytes for G1 virtual space
# Possible reasons:
#   The system is out of physical RAM or swap space
#   The process is running with CompressedOops enabled, and the Java Heap may be blocking the growth of the native heap
# Possible solutions:
#   Reduce memory load on the system
#   Increase physical memory or swap space
#   Check if swap backing store is full
#   Decrease Java heap size (-Xmx/-Xms)
#   Decrease number of Java threads
#   Decrease Java thread stack sizes (-Xss)
#   Set larger code cache with -XX:ReservedCodeCacheSize=
#   JVM is running with Unscaled Compressed Oops mode in which the Java heap is
#     placed in the first 4GB address space. The Java Heap base address is the
#     maximum limit for the native heap growth. Please use -XX:HeapBaseMinAddress
#     to set the Java Heap base and to place the Java Heap above 4GB virtual address.
# This output file may be truncated or incomplete.
#
#  Out of Memory Error (os_windows.cpp:3466), pid=7996, tid=17008
#
# JRE version:  (16.0.2+7) (build )
# Java VM: Java HotSpot(TM) 64-Bit Server VM (16.0.2+7-67, mixed mode, sharing, tiered, compressed oops, compressed class ptrs, g1 gc, windows-amd64)
# No core dump will be written. Minidumps are not enabled by default on client versions of Windows
#

---------------  S U M M A R Y ------------

Command Line: -Dfile.encoding=UTF-8 -Xms2048M -Xmx2048M ca.sheridancollege.project.game.CrazyEights

Host: Intel(R) Core(TM) i5-4300U CPU @ 1.90GHz, 4 cores, 7G,  Windows 10 , 64 bit Build 19041 (10.0.19041.1645)
Time: Sat Apr 16 16:29:05 2022 Eastern Daylight Time elapsed time: 0.028721 seconds (0d 0h 0m 0s)

---------------  T H R E A D  ---------------

Current thread (0x00000242abf59790):  JavaThread "Unknown thread" [_thread_in_vm, id=17008, stack(0x0000008679c00000,0x0000008679d00000)]

Stack: [0x0000008679c00000,0x0000008679d00000]
Native frames: (J=compiled Java code, j=interpreted, Vv=VM code, C=native code)
V  [jvm.dll+0x6681ca]
V  [jvm.dll+0x7c9e69]
V  [jvm.dll+0x7cb61e]
V  [jvm.dll+0x7cbc73]
V  [jvm.dll+0x242c55]
V  [jvm.dll+0x664f89]
V  [jvm.dll+0x659b75]
V  [jvm.dll+0x2fbfbb]
V  [jvm.dll+0x3031b6]
V  [jvm.dll+0x35299e]
V  [jvm.dll+0x352bcf]
V  [jvm.dll+0x2d3028]
V  [jvm.dll+0x2d4264]
V  [jvm.dll+0x79c741]
V  [jvm.dll+0x360791]
V  [jvm.dll+0x77a3f0]
V  [jvm.dll+0x3e4e8f]
V  [jvm.dll+0x3e6961]
C  [jli.dll+0x52fb]
C  [ucrtbase.dll+0x21bb2]
C  [KERNEL32.DLL+0x17034]
C  [ntdll.dll+0x52651]


---------------  P R O C E S S  ---------------

Threads class SMR info:
_java_thread_list=0x00007ff9de3ecbb8, length=0, elements={
}

Java Threads: ( => current thread )

Other Threads:
  0x00000242abf9a080 GCTaskThread "GC Thread#0" [stack: 0x0000008679d00000,0x0000008679e00000] [id=17032]
  0x00000242abfab0d0 ConcurrentGCThread "G1 Main Marker" [stack: 0x0000008679e00000,0x0000008679f00000] [id=7496]
  0x00000242abfabad0 ConcurrentGCThread "G1 Conc#0" [stack: 0x0000008679f00000,0x000000867a000000] [id=17628]

[error occurred during error reporting (printing all threads), id 0xc0000005, EXCEPTION_ACCESS_VIOLATION (0xc0000005) at pc=0x00007ff9ddbc3ee7]

VM state: not at safepoint (not fully initialized)

VM Mutex/Monitor currently owned by a thread:  ([mutex/lock_event])
[0x00000242abf56d10] Heap_lock - owner thread: 0x00000242abf59790

Heap address: 0x0000000080000000, size: 2048 MB, Compressed Oops mode: 32-bit

CDS archive(s) mapped at: [0x0000000000000000-0x0000000000000000-0x0000000000000000), size 0, SharedBaseAddress: 0x0000000800000000, ArchiveRelocationMode: 0.
Narrow klass base: 0x0000000000000000, Narrow klass shift: 0, Narrow klass range: 0x0

GC Precious Log:
<Empty>

Heap:
 garbage-first heap   total 0K, used 0K [0x0000000080000000, 0x0000000100000000)
  region size 1024K, 0 young (0K), 0 survivors (0K)

[error occurred during error reporting (printing heap information), id 0xc0000005, EXCEPTION_ACCESS_VIOLATION (0xc0000005) at pc=0x00007ff9ddfa1eed]

GC Heap History (0 events):
No events

Deoptimization events (0 events):
No events

Classes unloaded (0 events):
No events

Classes redefined (0 events):
No events

Internal exceptions (0 events):
No events

Events (1 events):
Event: 0.013 Loaded shared library C:\Program Files\Java\jdk-16.0.2\bin\java.dll


Dynamic libraries:
0x00007ff665550000 - 0x00007ff665560000 	C:\Program Files\Java\jdk-16.0.2\bin\java.exe
0x00007ffa99370000 - 0x00007ffa99565000 	C:\WINDOWS\SYSTEM32\ntdll.dll
0x00007ffa97530000 - 0x00007ffa975ee000 	C:\WINDOWS\System32\KERNEL32.DLL
0x00007ffa96c20000 - 0x00007ffa96ee8000 	C:\WINDOWS\System32\KERNELBASE.dll
0x00007ffa97150000 - 0x00007ffa97250000 	C:\WINDOWS\System32\ucrtbase.dll
0x00007ffa90b60000 - 0x00007ffa90b79000 	C:\Program Files\Java\jdk-16.0.2\bin\VCRUNTIME140.dll
0x00007ffa90e10000 - 0x00007ffa90e28000 	C:\Program Files\Java\jdk-16.0.2\bin\jli.dll
0x00007ffa981b0000 - 0x00007ffa9825e000 	C:\WINDOWS\System32\ADVAPI32.dll
0x00007ffa98f50000 - 0x00007ffa98fee000 	C:\WINDOWS\System32\msvcrt.dll
0x00007ffa97c50000 - 0x00007ffa97cec000 	C:\WINDOWS\System32\sechost.dll
0x00007ffa97ed0000 - 0x00007ffa97ff5000 	C:\WINDOWS\System32\RPCRT4.dll
0x00007ffa99190000 - 0x00007ffa99330000 	C:\WINDOWS\System32\USER32.dll
0x00007ffa96fd0000 - 0x00007ffa96ff2000 	C:\WINDOWS\System32\win32u.dll
0x00007ffa973d0000 - 0x00007ffa973fa000 	C:\WINDOWS\System32\GDI32.dll
0x00007ffa97250000 - 0x00007ffa9735b000 	C:\WINDOWS\System32\gdi32full.dll
0x00007ffa970b0000 - 0x00007ffa9714d000 	C:\WINDOWS\System32\msvcp_win.dll
0x00007ffa810e0000 - 0x00007ffa8137a000 	C:\WINDOWS\WinSxS\amd64_microsoft.windows.common-controls_6595b64144ccf1df_6.0.19041.1110_none_60b5254171f9507e\COMCTL32.dll
0x00007ffa94670000 - 0x00007ffa9467a000 	C:\WINDOWS\SYSTEM32\VERSION.dll
0x00007ffa97500000 - 0x00007ffa97530000 	C:\WINDOWS\System32\IMM32.DLL
0x00007ffa915e0000 - 0x00007ffa915ec000 	C:\Program Files\Java\jdk-16.0.2\bin\vcruntime140_1.dll
0x00007ffa79040000 - 0x00007ffa790d1000 	C:\Program Files\Java\jdk-16.0.2\bin\msvcp140.dll
0x00007ff9dd8e0000 - 0x00007ff9de48b000 	C:\Program Files\Java\jdk-16.0.2\bin\server\jvm.dll
0x00007ffa97e30000 - 0x00007ffa97e38000 	C:\WINDOWS\System32\PSAPI.DLL
0x00007ffa8f190000 - 0x00007ffa8f199000 	C:\WINDOWS\SYSTEM32\WSOCK32.dll
0x00007ffa98ff0000 - 0x00007ffa9905b000 	C:\WINDOWS\System32\WS2_32.dll
0x00007ffa81380000 - 0x00007ffa813a7000 	C:\WINDOWS\SYSTEM32\WINMM.dll
0x00007ffa95390000 - 0x00007ffa953a2000 	C:\WINDOWS\SYSTEM32\kernel.appcore.dll
0x00007ffa914d0000 - 0x00007ffa914da000 	C:\Program Files\Java\jdk-16.0.2\bin\jimage.dll
0x00007ffa95120000 - 0x00007ffa95304000 	C:\WINDOWS\SYSTEM32\DBGHELP.DLL
0x00007ffa8f890000 - 0x00007ffa8f8bc000 	C:\WINDOWS\SYSTEM32\dbgcore.DLL
0x00007ffa96f40000 - 0x00007ffa96fc2000 	C:\WINDOWS\System32\bcryptPrimitives.dll
0x00007ffa793a0000 - 0x00007ffa793c5000 	C:\Program Files\Java\jdk-16.0.2\bin\java.dll

dbghelp: loaded successfully - version: 4.0.5 - missing functions: none
symbol engine: initialized successfully - sym options: 0x614 - pdb path: .;C:\Program Files\Java\jdk-16.0.2\bin;C:\WINDOWS\SYSTEM32;C:\WINDOWS\WinSxS\amd64_microsoft.windows.common-controls_6595b64144ccf1df_6.0.19041.1110_none_60b5254171f9507e;C:\Program Files\Java\jdk-16.0.2\bin\server

VM Arguments:
jvm_args: -Dfile.encoding=UTF-8 -Xms2048M -Xmx2048M 
java_command: ca.sheridancollege.project.game.CrazyEights
java_class_path (initial): C:\Users\Justi\OneDrive\Desktop\School 1st year\2nd semester\Software Dev\projects\CrazyEights\build\classes
Launcher Type: SUN_STANDARD

[Global flags]
     intx CICompilerCount                          = 3                                         {product} {ergonomic}
     uint ConcGCThreads                            = 1                                         {product} {ergonomic}
     uint G1ConcRefinementThreads                  = 4                                         {product} {ergonomic}
   size_t G1HeapRegionSize                         = 1048576                                   {product} {ergonomic}
    uintx GCDrainStackTargetSize                   = 64                                        {product} {ergonomic}
   size_t InitialHeapSize                          = 2147483648                                {product} {command line}
   size_t MarkStackSize                            = 4194304                                   {product} {ergonomic}
   size_t MaxHeapSize                              = 2147483648                                {product} {command line}
   size_t MinHeapDeltaBytes                        = 1048576                                   {product} {ergonomic}
   size_t MinHeapSize                              = 2147483648                                {product} {command line}
    uintx NonNMethodCodeHeapSize                   = 5832780                                {pd product} {ergonomic}
    uintx NonProfiledCodeHeapSize                  = 122912730                              {pd product} {ergonomic}
    uintx ProfiledCodeHeapSize                     = 122912730                              {pd product} {ergonomic}
    uintx ReservedCodeCacheSize                    = 251658240                              {pd product} {ergonomic}
     bool SegmentedCodeCache                       = true                                      {product} {ergonomic}
   size_t SoftMaxHeapSize                          = 2147483648                             {manageable} {ergonomic}
     bool UseCompressedClassPointers               = true                           {product lp64_product} {ergonomic}
     bool UseCompressedOops                        = true                           {product lp64_product} {ergonomic}
     bool UseG1GC                                  = true                                      {product} {ergonomic}
     bool UseLargePagesIndividualAllocation        = false                                  {pd product} {ergonomic}

Logging:
Log output configuration:
 #0: stdout all=warning uptime,level,tags
 #1: stderr all=off uptime,level,tags

Environment Variables:
PATH=C:\Program Files\Common Files\Oracle\Java\javapath;C:\Program Files (x86)\Intel\iCLS Client\;C:\Program Files\Intel\iCLS Client\;C:\WINDOWS\system32;C:\WINDOWS;C:\WINDOWS\System32\Wbem;C:\WINDOWS\System32\WindowsPowerShell\v1.0\;C:\WINDOWS\System32\OpenSSH\;C:\Program Files (x86)\Intel\Intel(R) Management Engine Components\DAL;C:\Program Files\Intel\Intel(R) Management Engine Components\DAL;C:\Program Files (x86)\Intel\Intel(R) Management Engine Components\IPT;C:\Program Files\Intel\Intel(R) Management Engine Components\IPT;C:\Program Files\Microsoft SQL Server\Client SDK\ODBC\170\Tools\Binn\;C:\Program Files (x86)\Microsoft SQL Server\150\Tools\Binn\;C:\Program Files\Microsoft SQL Server\150\Tools\Binn\;C:\Program Files\Microsoft SQL Server\150\DTS\Binn\;C:\Program Files (x86)\Microsoft SQL Server\150\DTS\Binn\;C:\Program Files\Azure Data Studio\bin;C:\Program Files\PuTTY\;C:\Program Files\MySQL\MySQL Shell 8.0\bin\;C:\Users\Justi\AppData\Local\Programs\Python\Python39\Scripts\;C:\Users\Justi\AppData\Local\Programs\Python\Python39\;C:\Users\Justi\AppData\Local\Microsoft\WindowsApps;C:\Program Files\Azure Data Studio\bin;C:\Users\Justi\AppData\Local\Programs\Microsoft VS Code\bin
USERNAME=Justi
OS=Windows_NT
PROCESSOR_IDENTIFIER=Intel64 Family 6 Model 69 Stepping 1, GenuineIntel



---------------  S Y S T E M  ---------------

OS:
 Windows 10 , 64 bit Build 19041 (10.0.19041.1645)
OS uptime: 0 days 18:12 hours

CPU: total 4 (initial active 4) (2 cores per cpu, 2 threads per core) family 6 model 69 stepping 1 microcode 0x25, cx8, cmov, fxsr, ht, mmx, sse, sse2, sse3, ssse3, sse4.1, sse4.2, popcnt, lzcnt, tsc, tscinvbit, avx, avx2, aes, erms, clmul, bmi1, bmi2, fma, vzeroupper, clflush

Memory: 4k page, system-wide physical 8089M (1204M free)
TotalPageFile size 31980M (AvailPageFile size 973M)
current process WorkingSet (physical memory assigned to process): 10M, peak: 10M
current process commit charge ("private bytes"): 51M, peak: 2099M

vm_info: Java HotSpot(TM) 64-Bit Server VM (16.0.2+7-67) for windows-amd64 JRE (16.0.2+7-67), built on Jun  8 2021 23:24:19 by "mach5one" with MS VC++ 16.7 (VS2019)

END.
